<?xml version="1.0" encoding="UTF-8"?>
<testng-results ignored="4" total="6" passed="2" failed="0" skipped="0">
  <reporter-output>
  </reporter-output>
  <suite started-at="2025-07-17T14:14:45 WIB" name="Swaglabs eCommerce Suite" finished-at="2025-07-17T14:14:59 WIB" duration-ms="14208">
    <groups>
    </groups>
    <test started-at="2025-07-17T14:14:45 WIB" name="Automation Test" finished-at="2025-07-17T14:14:59 WIB" duration-ms="14208">
      <class name="com.juaracoding.ecom.AuthenticationTest">
        <test-method signature="loginTest(java.lang.String,java.lang.String)[pri:0, instance:com.juaracoding.ecom.AuthenticationTest@5c30a9b0]" started-at="2025-07-17T14:14:45 WIB" name="loginTest" data-provider="loginDataProvider" finished-at="2025-07-17T14:14:52 WIB" duration-ms="7220" status="PASS">
          <params>
            <param index="0">
              <value>
                <![CDATA[standard_user]]>
              </value>
            </param>
            <param index="1">
              <value>
                <![CDATA[secret_sauce]]>
              </value>
            </param>
          </params>
          <reporter-output>
          </reporter-output>
        </test-method> <!-- loginTest -->
        <test-method signature="loginTest(java.lang.String,java.lang.String)[pri:0, instance:com.juaracoding.ecom.AuthenticationTest@5c30a9b0]" started-at="2025-07-17T14:14:52 WIB" name="loginTest" data-provider="loginDataProvider" finished-at="2025-07-17T14:14:59 WIB" duration-ms="6450" status="PASS">
          <params>
            <param index="0">
              <value>
                <![CDATA[problem_user]]>
              </value>
            </param>
            <param index="1">
              <value>
                <![CDATA[secret_sauce]]>
              </value>
            </param>
          </params>
          <reporter-output>
          </reporter-output>
        </test-method> <!-- loginTest -->
      </class> <!-- com.juaracoding.ecom.AuthenticationTest -->
    </test> <!-- Automation Test -->
  </suite> <!-- Swaglabs eCommerce Suite -->
</testng-results>
