<?xml version="1.0" encoding="UTF-8"?>
<testng-results ignored="1" total="12" passed="11" failed="0" skipped="0">
  <reporter-output>
  </reporter-output>
  <suite started-at="2025-07-24T23:45:31 WIB" name="Swaglabs eCommerce Suite" finished-at="2025-07-24T23:45:53 WIB" duration-ms="21954">
    <groups>
    </groups>
    <test started-at="2025-07-24T23:45:31 WIB" name="Inventory Tests" finished-at="2025-07-24T23:45:41 WIB" duration-ms="9843">
      <class name="com.juaracoding.ecom.InventoryTest">
        <test-method is-config="true" signature="setup(java.lang.String,java.lang.String,java.lang.String)[pri:0, instance:com.juaracoding.ecom.InventoryTest@4facf68f]" started-at="2025-07-24T23:45:31 WIB" name="setup" finished-at="2025-07-24T23:45:35 WIB" duration-ms="3982" status="PASS">
          <params>
            <param index="0">
              <value>
                <![CDATA[https://www.saucedemo.com/v1/index.html]]>
              </value>
            </param>
            <param index="1">
              <value>
                <![CDATA[standard_user]]>
              </value>
            </param>
            <param index="2">
              <value>
                <![CDATA[secret_sauce]]>
              </value>
            </param>
          </params>
          <reporter-output>
          </reporter-output>
        </test-method> <!-- setup -->
        <test-method is-config="true" signature="setup(java.lang.String,java.lang.String,java.lang.String)[pri:0, instance:com.juaracoding.ecom.InventoryTest@4facf68f]" started-at="2025-07-24T23:45:31 WIB" name="setup" finished-at="2025-07-24T23:45:35 WIB" duration-ms="3975" status="PASS">
          <params>
            <param index="0">
              <value>
                <![CDATA[https://www.saucedemo.com/v1/index.html]]>
              </value>
            </param>
            <param index="1">
              <value>
                <![CDATA[standard_user]]>
              </value>
            </param>
            <param index="2">
              <value>
                <![CDATA[secret_sauce]]>
              </value>
            </param>
          </params>
          <reporter-output>
          </reporter-output>
        </test-method> <!-- setup -->
        <test-method signature="productSortFeatureTest()[pri:0, instance:com.juaracoding.ecom.InventoryTest@4facf68f]" started-at="2025-07-24T23:45:35 WIB" name="productSortFeatureTest" finished-at="2025-07-24T23:45:38 WIB" duration-ms="2261" status="PASS">
          <reporter-output>
          </reporter-output>
        </test-method> <!-- productSortFeatureTest -->
        <test-method signature="testAdd3Items()[pri:0, instance:com.juaracoding.ecom.InventoryTest@4facf68f]" started-at="2025-07-24T23:45:35 WIB" name="testAdd3Items" finished-at="2025-07-24T23:45:36 WIB" duration-ms="394" status="PASS">
          <reporter-output>
          </reporter-output>
        </test-method> <!-- testAdd3Items -->
        <test-method is-config="true" signature="teardown()[pri:0, instance:com.juaracoding.ecom.InventoryTest@4facf68f]" started-at="2025-07-24T23:45:36 WIB" name="teardown" finished-at="2025-07-24T23:45:37 WIB" duration-ms="1133" status="PASS">
          <reporter-output>
          </reporter-output>
        </test-method> <!-- teardown -->
        <test-method is-config="true" signature="setup(java.lang.String,java.lang.String,java.lang.String)[pri:0, instance:com.juaracoding.ecom.InventoryTest@4facf68f]" started-at="2025-07-24T23:45:37 WIB" name="setup" finished-at="2025-07-24T23:45:39 WIB" duration-ms="1857" status="PASS">
          <params>
            <param index="0">
              <value>
                <![CDATA[https://www.saucedemo.com/v1/index.html]]>
              </value>
            </param>
            <param index="1">
              <value>
                <![CDATA[standard_user]]>
              </value>
            </param>
            <param index="2">
              <value>
                <![CDATA[secret_sauce]]>
              </value>
            </param>
          </params>
          <reporter-output>
          </reporter-output>
        </test-method> <!-- setup -->
        <test-method is-config="true" signature="teardown()[pri:0, instance:com.juaracoding.ecom.InventoryTest@4facf68f]" started-at="2025-07-24T23:45:38 WIB" name="teardown" finished-at="2025-07-24T23:45:40 WIB" duration-ms="2167" status="PASS">
          <reporter-output>
          </reporter-output>
        </test-method> <!-- teardown -->
        <test-method signature="testAddItems()[pri:0, instance:com.juaracoding.ecom.InventoryTest@4facf68f]" started-at="2025-07-24T23:45:39 WIB" name="testAddItems" finished-at="2025-07-24T23:45:39 WIB" duration-ms="233" status="PASS">
          <reporter-output>
          </reporter-output>
        </test-method> <!-- testAddItems -->
        <test-method is-config="true" signature="teardown()[pri:0, instance:com.juaracoding.ecom.InventoryTest@4facf68f]" started-at="2025-07-24T23:45:39 WIB" name="teardown" finished-at="2025-07-24T23:45:41 WIB" duration-ms="2184" status="PASS">
          <reporter-output>
          </reporter-output>
        </test-method> <!-- teardown -->
      </class> <!-- com.juaracoding.ecom.InventoryTest -->
    </test> <!-- Inventory Tests -->
    <test started-at="2025-07-24T23:45:41 WIB" name="Authentication Tests" finished-at="2025-07-24T23:45:50 WIB" duration-ms="8385">
      <class name="com.juaracoding.ecom.AuthenticationTest">
        <test-method is-config="true" signature="setUp()[pri:0, instance:com.juaracoding.ecom.AuthenticationTest@3a93b025]" started-at="2025-07-24T23:45:41 WIB" name="setUp" finished-at="2025-07-24T23:45:42 WIB" duration-ms="1036" status="PASS">
          <reporter-output>
          </reporter-output>
        </test-method> <!-- setUp -->
        <test-method is-config="true" signature="setUp()[pri:0, instance:com.juaracoding.ecom.AuthenticationTest@3a93b025]" started-at="2025-07-24T23:45:42 WIB" name="setUp" finished-at="2025-07-24T23:45:43 WIB" duration-ms="1300" status="PASS">
          <reporter-output>
          </reporter-output>
        </test-method> <!-- setUp -->
        <test-method signature="loginWithEmptyCredentials()[pri:0, instance:com.juaracoding.ecom.AuthenticationTest@3a93b025]" started-at="2025-07-24T23:45:42 WIB" name="loginWithEmptyCredentials" finished-at="2025-07-24T23:45:43 WIB" duration-ms="412" status="PASS">
          <reporter-output>
          </reporter-output>
        </test-method> <!-- loginWithEmptyCredentials -->
        <test-method is-config="true" signature="tearDown()[pri:0, instance:com.juaracoding.ecom.AuthenticationTest@3a93b025]" started-at="2025-07-24T23:45:43 WIB" name="tearDown" finished-at="2025-07-24T23:45:44 WIB" duration-ms="1312" status="PASS">
          <reporter-output>
          </reporter-output>
        </test-method> <!-- tearDown -->
        <test-method signature="loginTest(java.lang.String,java.lang.String)[pri:0, instance:com.juaracoding.ecom.AuthenticationTest@3a93b025]" started-at="2025-07-24T23:45:43 WIB" name="loginTest" data-provider="loginDataProvider" finished-at="2025-07-24T23:45:44 WIB" duration-ms="1304" status="PASS">
          <params>
            <param index="0">
              <value>
                <![CDATA[standard_user]]>
              </value>
            </param>
            <param index="1">
              <value>
                <![CDATA[secret_sauce]]>
              </value>
            </param>
          </params>
          <reporter-output>
          </reporter-output>
        </test-method> <!-- loginTest -->
        <test-method is-config="true" signature="setUp()[pri:0, instance:com.juaracoding.ecom.AuthenticationTest@3a93b025]" started-at="2025-07-24T23:45:44 WIB" name="setUp" finished-at="2025-07-24T23:45:45 WIB" duration-ms="1095" status="PASS">
          <reporter-output>
          </reporter-output>
        </test-method> <!-- setUp -->
        <test-method is-config="true" signature="tearDown()[pri:0, instance:com.juaracoding.ecom.AuthenticationTest@3a93b025]" started-at="2025-07-24T23:45:44 WIB" name="tearDown" finished-at="2025-07-24T23:45:46 WIB" duration-ms="1367" status="PASS">
          <reporter-output>
          </reporter-output>
        </test-method> <!-- tearDown -->
        <test-method signature="loginWithInvalidPassword()[pri:0, instance:com.juaracoding.ecom.AuthenticationTest@3a93b025]" started-at="2025-07-24T23:45:45 WIB" name="loginWithInvalidPassword" finished-at="2025-07-24T23:45:45 WIB" duration-ms="261" status="PASS">
          <reporter-output>
          </reporter-output>
        </test-method> <!-- loginWithInvalidPassword -->
        <test-method is-config="true" signature="tearDown()[pri:0, instance:com.juaracoding.ecom.AuthenticationTest@3a93b025]" started-at="2025-07-24T23:45:45 WIB" name="tearDown" finished-at="2025-07-24T23:45:46 WIB" duration-ms="1165" status="PASS">
          <reporter-output>
          </reporter-output>
        </test-method> <!-- tearDown -->
        <test-method is-config="true" signature="setUp()[pri:0, instance:com.juaracoding.ecom.AuthenticationTest@3a93b025]" started-at="2025-07-24T23:45:46 WIB" name="setUp" finished-at="2025-07-24T23:45:47 WIB" duration-ms="988" status="PASS">
          <reporter-output>
          </reporter-output>
        </test-method> <!-- setUp -->
        <test-method is-config="true" signature="setUp()[pri:0, instance:com.juaracoding.ecom.AuthenticationTest@3a93b025]" started-at="2025-07-24T23:45:46 WIB" name="setUp" finished-at="2025-07-24T23:45:48 WIB" duration-ms="1413" status="PASS">
          <reporter-output>
          </reporter-output>
        </test-method> <!-- setUp -->
        <test-method signature="loginTest(java.lang.String,java.lang.String)[pri:0, instance:com.juaracoding.ecom.AuthenticationTest@3a93b025]" started-at="2025-07-24T23:45:47 WIB" name="loginTest" data-provider="loginDataProvider" finished-at="2025-07-24T23:45:47 WIB" duration-ms="371" status="PASS">
          <params>
            <param index="0">
              <value>
                <![CDATA[problem_user]]>
              </value>
            </param>
            <param index="1">
              <value>
                <![CDATA[secret_sauce]]>
              </value>
            </param>
          </params>
          <reporter-output>
          </reporter-output>
        </test-method> <!-- loginTest -->
        <test-method is-config="true" signature="tearDown()[pri:0, instance:com.juaracoding.ecom.AuthenticationTest@3a93b025]" started-at="2025-07-24T23:45:47 WIB" name="tearDown" finished-at="2025-07-24T23:45:47 WIB" duration-ms="274" status="PASS">
          <reporter-output>
          </reporter-output>
        </test-method> <!-- tearDown -->
        <test-method is-config="true" signature="setUp()[pri:0, instance:com.juaracoding.ecom.AuthenticationTest@3a93b025]" started-at="2025-07-24T23:45:47 WIB" name="setUp" finished-at="2025-07-24T23:45:49 WIB" duration-ms="1214" status="PASS">
          <reporter-output>
          </reporter-output>
        </test-method> <!-- setUp -->
        <test-method signature="loginWithoutPassword()[pri:0, instance:com.juaracoding.ecom.AuthenticationTest@3a93b025]" started-at="2025-07-24T23:45:48 WIB" name="loginWithoutPassword" finished-at="2025-07-24T23:45:48 WIB" duration-ms="443" status="PASS">
          <reporter-output>
          </reporter-output>
        </test-method> <!-- loginWithoutPassword -->
        <test-method is-config="true" signature="tearDown()[pri:0, instance:com.juaracoding.ecom.AuthenticationTest@3a93b025]" started-at="2025-07-24T23:45:48 WIB" name="tearDown" finished-at="2025-07-24T23:45:50 WIB" duration-ms="1232" status="PASS">
          <reporter-output>
          </reporter-output>
        </test-method> <!-- tearDown -->
        <test-method signature="loginWithoutUsername()[pri:0, instance:com.juaracoding.ecom.AuthenticationTest@3a93b025]" started-at="2025-07-24T23:45:49 WIB" name="loginWithoutUsername" finished-at="2025-07-24T23:45:49 WIB" duration-ms="231" status="PASS">
          <reporter-output>
          </reporter-output>
        </test-method> <!-- loginWithoutUsername -->
        <test-method is-config="true" signature="tearDown()[pri:0, instance:com.juaracoding.ecom.AuthenticationTest@3a93b025]" started-at="2025-07-24T23:45:49 WIB" name="tearDown" finished-at="2025-07-24T23:45:49 WIB" duration-ms="177" status="PASS">
          <reporter-output>
          </reporter-output>
        </test-method> <!-- tearDown -->
      </class> <!-- com.juaracoding.ecom.AuthenticationTest -->
    </test> <!-- Authentication Tests -->
    <test started-at="2025-07-24T23:45:50 WIB" name="UI Tests" finished-at="2025-07-24T23:45:53 WIB" duration-ms="3696">
      <class name="com.juaracoding.ecom.DragDropTest">
        <test-method signature="resizeElementTest()[pri:0, instance:com.juaracoding.ecom.DragDropTest@436813f3]" started-at="2025-07-24T23:45:50 WIB" name="resizeElementTest" finished-at="2025-07-24T23:45:53 WIB" duration-ms="3693" status="PASS">
          <reporter-output>
          </reporter-output>
        </test-method> <!-- resizeElementTest -->
        <test-method signature="dragElementTest()[pri:0, instance:com.juaracoding.ecom.DragDropTest@436813f3]" started-at="2025-07-24T23:45:50 WIB" name="dragElementTest" finished-at="2025-07-24T23:45:53 WIB" duration-ms="3390" status="PASS">
          <reporter-output>
          </reporter-output>
        </test-method> <!-- dragElementTest -->
      </class> <!-- com.juaracoding.ecom.DragDropTest -->
    </test> <!-- UI Tests -->
  </suite> <!-- Swaglabs eCommerce Suite -->
</testng-results>
