<?xml version="1.0" encoding="UTF-8"?>
<!-- Generated by org.testng.reporters.JUnitXMLReporter -->
<testsuite ignored="1" hostname="VLz" failures="0" tests="6" name="Authentication Tests" time="8.385" errors="0" timestamp="2025-07-24T23:45:50 WIB">
  <testcase classname="com.juaracoding.ecom.AuthenticationTest" name="loginWithEmptyCredentials" time="0.412"/>
  <testcase classname="com.juaracoding.ecom.AuthenticationTest" name="loginTest" time="1.304"/>
  <testcase classname="com.juaracoding.ecom.AuthenticationTest" name="loginWithInvalidPassword" time="0.261"/>
  <testcase classname="com.juaracoding.ecom.AuthenticationTest" name="loginTest" time="0.371"/>
  <testcase classname="com.juaracoding.ecom.AuthenticationTest" name="loginWithoutPassword" time="0.443"/>
  <testcase classname="com.juaracoding.ecom.AuthenticationTest" name="loginWithoutUsername" time="0.231"/>
  <testcase classname="com.juaracoding.ecom.AuthenticationTest" name="loginWithInvalidUsername" time="0.0">
    <ignored/>
  </testcase> <!-- loginWithInvalidUsername -->
</testsuite> <!-- Authentication Tests -->
