<?xml version="1.0" encoding="UTF-8"?>
<!-- Generated by org.testng.reporters.JUnitXMLReporter -->
<testsuite ignored="4" hostname="VLz" failures="0" tests="2" name="Automation Test" time="14.208" errors="0" timestamp="2025-07-17T14:14:59 WIB">
  <testcase classname="com.juaracoding.ecom.AuthenticationTest" name="loginTest" time="7.22"/>
  <testcase classname="com.juaracoding.ecom.AuthenticationTest" name="loginTest" time="6.45"/>
  <testcase classname="com.juaracoding.ecom.AuthenticationTest" name="loginWithoutPassword" time="0.0">
    <ignored/>
  </testcase> <!-- loginWithoutPassword -->
  <testcase classname="com.juaracoding.ecom.AuthenticationTest" name="loginWithInvalidUsername" time="0.0">
    <ignored/>
  </testcase> <!-- loginWithInvalidUsername -->
  <testcase classname="com.juaracoding.ecom.AuthenticationTest" name="loginWithInvalidPassword" time="0.0">
    <ignored/>
  </testcase> <!-- loginWithInvalidPassword -->
  <testcase classname="com.juaracoding.ecom.AuthenticationTest" name="loginWithoutdUsername" time="0.0">
    <ignored/>
  </testcase> <!-- loginWithoutdUsername -->
</testsuite> <!-- Automation Test -->
