<?xml version="1.0" encoding="UTF-8"?>
<!-- Generated by org.testng.reporters.JUnitXMLReporter -->
<testsuite ignored="0" hostname="VLz" failures="0" tests="10" name="Automation Test" time="58.025" errors="0" timestamp="2025-07-18T20:29:56 WIB">
  <testcase classname="com.juaracoding.ecom.AuthenticationTest" name="loginTest" time="6.701"/>
  <testcase classname="com.juaracoding.ecom.AuthenticationTest" name="loginTest" time="0.315"/>
  <testcase classname="com.juaracoding.ecom.AuthenticationTest" name="loginWithEmptyCredentials" time="0.183"/>
  <testcase classname="com.juaracoding.ecom.AuthenticationTest" name="loginWithInvalidPassword" time="0.268"/>
  <testcase classname="com.juaracoding.ecom.AuthenticationTest" name="loginWithInvalidUsername" time="0.287"/>
  <testcase classname="com.juaracoding.ecom.AuthenticationTest" name="loginWithoutPassword" time="0.221"/>
  <testcase classname="com.juaracoding.ecom.AuthenticationTest" name="loginWithoutUsername" time="0.189"/>
  <testcase classname="com.juaracoding.ecom.InventoryTest" name="productSortFeatureTest" time="2.356"/>
  <testcase classname="com.juaracoding.ecom.InventoryTest" name="testAdd3Items" time="0.584"/>
  <testcase classname="com.juaracoding.ecom.InventoryTest" name="testAddItems" time="0.264"/>
</testsuite> <!-- Automation Test -->
