<?xml version="1.0" encoding="UTF-8"?>
<!-- Generated by org.testng.reporters.JUnitXMLReporter -->
<testsuite ignored="0" hostname="VLz" failures="0" tests="3" name="Inventory Tests" time="9.843" errors="0" timestamp="2025-07-24T23:45:41 WIB">
  <testcase classname="com.juaracoding.ecom.InventoryTest" name="testAdd3Items" time="0.394"/>
  <testcase classname="com.juaracoding.ecom.InventoryTest" name="productSortFeatureTest" time="2.261"/>
  <testcase classname="com.juaracoding.ecom.InventoryTest" name="testAddItems" time="0.233"/>
</testsuite> <!-- Inventory Tests -->
